{"message":"rating is required","level":"error"}
{"message":"Bookmark with id f8d446ce-2968-4a14-a6ad-dc453971c9ea created","level":"info"}
{"message":"Bookmark with id 9fae6adb-e645-4f6b-81ba-32e77b2fdd8c created","level":"info"}
{"message":"Bookmark with id 130478eb-95eb-40ab-9ea4-49fd7ffa57fc created","level":"info"}
{"message":"Unathorized request to path: /","level":"error"}
{"message":"Unathorized request to path: /","level":"error"}
{"message":"Unathorized request to path: /","level":"error"}
{"message":"Unauthorized request to path: /","level":"error"}
{"message":"Unauthorized request to path: /","level":"error"}
{"message":"Unauthorized request to path: /","level":"error"}
{"message":"Unauthorized request to path: /bookmarks","level":"error"}
{"message":"Unauthorized request to path: /","level":"error"}
{"message":"Unauthorized request to path: /bookmarks","level":"error"}
{"message":"Unauthorized request to path: /bookmarks","level":"error"}
{"message":"Unauthorized request to path: /bookmarks/607cdb5d-cfb5-41df-a0b6-2a79a9a24e33","level":"error"}
{"message":"Unauthorized request to path: /bookmarks/607cdb5d-cfb5-41df-a0b6-2a79a9a24e33","level":"error"}
{"message":"Unauthorized request to path: /bookmarks","level":"error"}
{"message":"Unauthorized request to path: /bookmarks/123","level":"error"}
{"message":"Unauthorized request to path: /bookmarks/607cdb5d-cfb5-41df-a0b6-2a79a9a24e33","level":"error"}
{"message":"Unauthorized request to path: /bookmarks/doesnt-exist","level":"error"}
{"message":"Unauthorized request to path: /bookmarks","level":"error"}
{"message":"Unauthorized request to path: /bookmarks","level":"error"}
{"message":"Unauthorized request to path: /bookmarks","level":"error"}
{"message":"Unauthorized request to path: /bookmarks","level":"error"}
{"message":"Unauthorized request to path: /bookmarks","level":"error"}
{"message":"Unauthorized request to path: /bookmarks","level":"error"}
{"message":"Unauthorized request to path: /","level":"error"}
{"message":"Unauthorized request to path: /","level":"error"}
{"message":"Unauthorized request to path: /","level":"error"}
{"message":"Unauthorized request to path: /","level":"error"}
{"message":"Unauthorized request to path: /","level":"error"}
